  Source.cpp
Q:\C++ project\My project\Полезные подключаемые файлы\Самописный Vector 2021\Самописный Vector 2021\my_vector.h(190,10): warning C4018: >: несоответствие типов со знаком и без знака
Q:\C++ project\My project\Полезные подключаемые файлы\Самописный Vector 2021\Самописный Vector 2021\my_vector.h(181): message : во время компиляции функции-члена класс шаблон "my::vector<int,my::Allocator<T>>::vector(size_t,const Alloc &)"
          with
          [
              T=int,
              Alloc=my::Allocator<int>
          ]
Q:\C++ project\My project\Полезные подключаемые файлы\Самописный Vector 2021\Самописный Vector 2021\Source.cpp(14): message : выполняется компиляция ссылки на экземпляр шаблон функции "my::vector<int,my::Allocator<T>>::vector(size_t,const Alloc &)"
          with
          [
              T=int,
              Alloc=my::Allocator<int>
          ]
Q:\C++ project\My project\Полезные подключаемые файлы\Самописный Vector 2021\Самописный Vector 2021\Source.cpp(14): message : выполняется компиляция ссылки на экземпляр класс шаблон функции "my::vector<int,my::Allocator<T>>"
          with
          [
              T=int
          ]
Q:\C++ project\My project\Полезные подключаемые файлы\Самописный Vector 2021\Самописный Vector 2021\my_vector.h(259): warning C4715: my::vector<int,my::Allocator<int> >::iterator<int>::operator*: значение возвращается не при всех путях выполнения
  Самописный Vector 2021.vcxproj -> Q:\C++ project\My project\Полезные подключаемые файлы\Самописный Vector 2021\Debug\Самописный Vector 2021.exe
